<?xml version="1.0" encoding="UTF-8"?>
<testng-results skipped="0" failed="0" ignored="0" total="1" passed="1">
  <reporter-output>
    <line>
      <![CDATA[hi]]>
    </line>
  </reporter-output>
  <suite name="Suite" duration-ms="22" started-at="2019-10-30T09:49:02Z" finished-at="2019-10-30T09:49:02Z">
    <groups>
    </groups>
    <test name="Test" duration-ms="22" started-at="2019-10-30T09:49:02Z" finished-at="2019-10-30T09:49:02Z">
      <class name="com.jenkins.Run">
        <test-method status="PASS" signature="print()[pri:0, instance:com.jenkins.Run@47d384ee]" name="print" duration-ms="3" started-at="2019-10-30T09:49:02Z" finished-at="2019-10-30T09:49:02Z">
          <reporter-output>
            <line>
              <![CDATA[hi]]>
            </line>
          </reporter-output>
        </test-method> <!-- print -->
      </class> <!-- com.jenkins.Run -->
    </test> <!-- Test -->
  </suite> <!-- Suite -->
</testng-results>
